=~=~=~=~=~=~=~=~=~=~=~= PuTTY log 2020.03.11 13:32:07 =~=~=~=~=~=~=~=~=~=~=~=
:	-22761
Pitch:	-27.635576
Roll:	-5.653471
Pitch:	-27.631828
Roll:	-5.654561
Pitchll:	-5.654967
Pitch:	-27.636456
Roll:	-5.652761
Pitch:	-27.635576
Roll:	-5.653471
Pitch:	-27.631828
Roll:	-5.654561
Pitchll:	-5.654967
Pitch:	-27.636456
Roll:	-5.652761
Pitch:	-27.635576
Roll:	-5.653471
Pitch:	-27.631828
Roll:	-5.654561
PitchConducting WHO_AM_I check, please wait...
WHO_AM_I reads 0x683D, expected 0x683D
Check complete, all systems are ready to go!
Calibrating gyroscope, hold the device still
..........
Calibrating Accelerometer, please put the device on a stable, level surface.
..........
Pitch:	0.002206
Roll:	-0.001470
Pitch:	-0.004411
Roll:	-0.005882
Pitch:	-0.005146
Roll:	-0.000735
Pitch:	-0.008087
Roll:	0.002205
Pitch:	-0.008087
Roll:	0.004411
Pitch:	-0.006617
Roll:	-0.002206
Pitch:	-0.004411
Roll:	-0.006617
Pitch:	-0.005147
Roll:	-0.002942
Pitch:	-0.004411
Roll:	-0.007353
Pitch:	-0.003676
Roll:	-0.004412
Pitch:	-0.002206
Roll:	-0.005147
Pitch:	-0.000736
Roll:	0.002940
Pitch:	-0.000736
Roll:	0.001470
Pitch:	0.003675
Roll:	0.001470
Pitch:	0.008086
Roll:	0.002206
Pitch:	0.011027
Roll:	0.002206
Pitch:	0.010292
Roll:	0.004412
Pitch:	0.015438
Roll:	0.000736
Pitch:	0.019849
Roll:	-0.000734
Pitch:	0.014703
Roll:	-0.001470
Pitch:	0.016173
Roll:	0.002207
Pitch:	0.016173
Roll:	0.005885
Pitch:	0.019113
Roll:	0.007356
Pitch:	0.019847
Roll:	0.009563
Pitch:	0.021318
Roll:	0.006623
Pitch:	0.020582
Roll:	0.009564
Pitch:	0.018377
Roll:	0.008093
Pitch:	0.020582
Roll:	0.005153
Pitch:	0.016907
Roll:	0.010299
Pitch:	0.013965
Roll:	0.011035
Pitch:	0.017641
Roll:	0.006625
Pitch:	0.016905
Roll:	0.009566
Pitch:	0.019846
Roll:	0.009566
Pitch:	0.017639
Roll:	0.011773
Pitch:	0.019845
Roll:	0.016185
Pitch:	0.019109
Roll:	0.013980
Pitch:	0.019109
Roll:	0.005158
Pitch:	0.020579
Roll:	0.005894
Pitch:	0.019844
Roll:	0.008101
Pitch:	0.019108
Roll:	0.002220
Pitch:	0.019843
Roll:	0.008102
Pitch:	0.016902
Roll:	0.013249
Pitch:	0.022048
Roll:	0.012515
Pitch:	0.019843
Roll:	0.016190
Pitch:	0.020576
Roll:	0.020603
Pitch:	0.019106
Roll:	0.025749
Pitch:	0.022782
Roll:	0.030896
Pitch:	0.022045
Roll:	0.031632
Pitch:	0.018368
Roll:	0.037514
Pitch:	0.020574
Roll:	0.035308
Pitch:	0.022045
Roll:	0.033838
Pitch:	0.018366
Roll:	0.032369
Pitch:	0.019834
Roll:	0.032370
Pitch:	0.025716
Roll:	0.040458
Pitch:	0.027187
Roll:	0.046338
Pitch:	0.024980
Roll:	0.044133
Pitch:	0.021303
Roll:	0.049281
Pitch:	0.024976
Roll:	0.044871
Pitch:	0.025711
Roll:	0.047077
Pitch:	0.027917
Roll:	0.049282
Pitch:	0.030857
Roll:	0.050018
Pitch:	0.032327
Roll:	0.052959
Pitch:	0.031593
Roll:	0.058840
Pitch:	0.035264
Roll:	0.059578
Pitch:	0.011738
Roll:	0.028699
Pitch:	0.170536
Roll:	0.211033
Pitch:	-0.100024
Roll:	-0.073480
Pitch:	-0.062528
Roll:	-0.027164
Pitch:	-0.002242
Roll:	0.015477
Pitch:	0.283710
Roll:	0.317681
Pitch:	0.256515
Roll:	0.293413
Pitch:	-0.186105
Roll:	-0.133698
Pitch:	-0.211841
Roll:	-0.159424
Pitch:	-0.200058
Roll:	-0.152833
Pitch:	-0.175059
Roll:	-0.134456
Pitch:	-0.166242
Roll:	-0.131508
Pitch:	-0.191249
Roll:	-0.161639
Pitch:	-0.223565
Roll:	-0.181530
Pitch:	-0.194850
Roll:	-0.173490
Pitch:	-0.167568
Roll:	-0.149319
Pitch:	-0.127124
Roll:	-0.139768
Pitch:	-0.024098
Roll:	-0.068488
Pitch:	0.006896
Roll:	-0.065535
Pitch:	0.062145
Roll:	-0.052172
Pitch:	0.359097
Roll:	0.036734
Pitch:	1.020182
Roll:	0.326207
Pitch:	1.573112
Roll:	0.403139
Pitch:	2.571828
Roll:	0.484759
Pitch:	3.766862
Roll:	0.501002
Pitch:	5.409359
Roll:	0.487163
Pitch:	7.451489
Roll:	0.508693
Pitch:	9.115442
Roll:	0.635683
Pitch:	10.632575
Roll:	0.677242
Pitch:	11.933893
Roll:	0.776636
Pitch:	12.926733
Roll:	0.953228
Pitch:	14.090007
Roll:	0.955482
Pitch:	14.880356
Roll:	1.065897
Pitch:	15.999853
Roll:	1.036098
Pitch:	17.061222
Roll:	1.012538
Pitch:	18.071981
Roll:	0.998180
Pitch:	19.244080
Roll:	0.999240
Pitch:	20.591066
Roll:	0.974335
Pitch:	21.811600
Roll:	1.000827
Pitch:	23.093538
Roll:	0.979552
Pitch:	24.335476
Roll:	0.988880
Pitch:	25.699026
Roll:	0.961656
Pitch:	26.897232
Roll:	0.900855
Pitch:	28.133463
Roll:	0.816967
Pitch:	29.280333
Roll:	0.813323
Pitch:	30.069801
Roll:	0.813928
Pitch:	30.647890
Roll:	0.899196
Pitch:	31.076807
Roll:	1.017279
Pitch:	31.522566
Roll:	1.289051
Pitch:	31.903942
Roll:	1.506337
Pitch:	32.266315
Roll:	1.932534
Pitch:	32.794628
Roll:	2.062457
Pitch:	33.535938
Roll:	2.293352
Pitch:	34.816887
Roll:	2.361945
Pitch:	35.878296
Roll:	2.467005
Pitch:	36.680119
Roll:	2.626008
Pitch:	37.391899
Roll:	2.775979
Pitch:	38.175571
Roll:	3.009951
Pitch:	38.831539
Roll:	3.243443
Pitch:	39.552788
Roll:	4.205453
Pitch:	40.165901
Roll:	4.446863
Pitch:	40.851460
Roll:	5.455424
Pitch:	41.522148
Roll:	5.786693
Pitch:	42.351891
Roll:	6.526771
Pitch:	42.880219
Roll:	7.632348
Pitch:	43.556477
Roll:	8.176402
Pitch:	44.735584
Roll:	9.003498
Pitch:	46.018921
Roll:	9.403843
Pitch:	46.925892
Roll:	10.369996
Pitch:	48.167023
Roll:	10.627297
Pitch:	49.606884
Roll:	10.881060
Pitch:	49.965340
Roll:	11.384715
Pitch:	50.035576
Roll:	11.773034
Pitch:	50.103916
Roll:	12.083675
Pitch:	49.972282
Roll:	12.624257
Pitch:	50.063324
Roll:	12.697920
Pitch:	50.096645
Roll:	12.669162
Pitch:	50.085602
Roll:	12.650977
Pitch:	50.179619
Roll:	12.660165
Pitch:	50.229191
Roll:	12.572326
Pitch:	50.295807
Roll:	12.552892
Pitch:	50.513615
Roll:	12.473905
Pitch:	50.653877
Roll:	12.495875
Pitch:	50.704006
Roll:	12.454555
Pitch:	50.671753
Roll:	12.446611
Pitch:	50.708130
Roll:	12.436936
Pitch:	50.663017
Roll:	12.409006
Pitch:	50.659683
Roll:	12.408163
Pitch:	50.689747
Roll:	12.378075
Pitch:	50.646286
Roll:	12.364171
Pitch:	50.665474
Roll:	12.353290
Pitch:	50.690380
Roll:	12.332024
Pitch:	50.724628
Roll:	12.333035
Pitch:	50.746220
Roll:	12.296170
Pitch:	50.736721
Roll:	12.292623
Pitch:	50.781624
Roll:	12.270684
Pitch:	50.833817
Roll:	12.241392
Pitch:	50.953178
Roll:	12.234200
Pitch:	50.964970
Roll:	12.197916
Pitch:	50.873837
Roll:	12.133828
Pitch:	50.795654
Roll:	12.122430
Pitch:	50.816833
Roll:	12.106282
Pitch:	50.817890
Roll:	12.096999
Pitch:	50.770336
Roll:	12.050988
Pitch:	50.783142
Roll:	12.042450
Pitch:	50.769119
Roll:	12.004043
Pitch:	50.737610
Roll:	11.998688
Pitch:	50.745064
Roll:	11.985979
Pitch:	50.734173
Roll:	11.976635
Pitch:	50.748703
Roll:	11.960503
Pitch:	50.770397
Roll:	11.962978
Pitch:	50.750401
Roll:	11.946530
Pitch:	50.788727
Roll:	11.946313
Pitch:	50.790108
Roll:	11.950006
Pitch:	50.779205
Roll:	11.936238
Pitch:	50.758469
Roll:	11.927139
Pitch:	50.775928
Roll:	11.905854
Pitch:	50.800888
Roll:	11.897880
Pitch:	50.793953
Roll:	11.882071
Pitch:	50.802982
Roll:	11.837615
Pitch:	50.819382
Roll:	11.826447
Pitch:	50.830654
Roll:	11.809073
Pitch:	50.761051
Roll:	11.795395
Pitch:	50.839027
Roll:	11.788872
Pitch:	50.879829
Roll:	11.777773
Pitch:	50.869164
Roll:	11.762265
Pitch:	50.853821
Roll:	11.744481
Pitch:	50.837154
Roll:	11.731197
Pitch:	50.862370
Roll:	11.708670
Pitch:	50.858742
Roll:	11.698145
Pitch:	50.889534
Roll:	11.685738
Pitch:	50.879601
Roll:	11.672845
Pitch:	50.877449
Roll:	11.659788
Pitch:	50.920128
Roll:	11.641900
Pitch:	50.911053
Roll:	11.632347
Pitch:	50.909775
Roll:	11.614952
Pitch:	50.938923
Roll:	11.600245
Pitch:	50.933952
Roll:	11.587583
Pitch:	50.956478
Roll:	11.571403
Pitch:	50.962975
Roll:	11.556772
Pitch:	50.962997
Roll:	11.540017
Pitch:	50.987129
Roll:	11.534534
Pitch:	50.956707
Roll:	11.514678
Pitch:	50.986420
Roll:	11.496940
Pitch:	51.032162
Roll:	11.490541
Pitch:	51.035995
Roll:	11.480465
Pitch:	51.034534
Roll:	11.471779
Pitch:	50.987782
Roll:	11.475692
Pitch:	51.044395
Roll:	11.468808
Pitch:	51.048660
Roll:	11.457833
Pitch:	51.033222
Roll:	11.444001
Pitch:	51.058361
Roll:	11.426566
Pitch:	51.079384
Roll:	11.428001
Pitch:	51.096874
Roll:	11.405986
Pitch:	51.083923
Roll:	11.399253
Pitch:	51.094498
Roll:	11.386637
Pitch:	51.109039
Roll:	11.379662
Pitch:	51.126663
Roll:	11.356983
Pitch:	51.118992
Roll:	11.333413
Pitch:	51.115131
Roll:	11.322083
Pitch:	51.154068
Roll:	11.307826
Pitch:	51.120510
Roll:	11.301821
Pitch:	51.121948
Roll:	11.292716
Pitch:	51.128376
Roll:	11.275105
Pitch:	51.124062
Roll:	11.259123
Pitch:	51.146515
Roll:	11.249516
Pitch:	51.146606
Roll:	11.234262
Pitch:	51.130070
Roll:	11.222114
Pitch:	51.129559
Roll:	11.204003
Pitch:	51.150063
Roll:	11.189800
Pitch:	51.133369
Roll:	11.169484
Pitch:	51.100067
Roll:	11.157026
Pitch:	51.097500
Roll:	11.145225
Pitch:	51.148594
Roll:	11.122382
Pitch:	51.142323
Roll:	11.111699
Pitch:	51.150463
Roll:	11.096445
Pitch:	51.178925
Roll:	11.089457
Pitch:	51.180016
Roll:	11.075430
Pitch:	51.128876
Roll:	11.051517
Pitch:	51.148197
Roll:	11.037419
Pitch:	51.150948
Roll:	11.007831
Pitch:	51.153179
Roll:	10.994781
Pitch:	51.134083
Roll:	10.973651
Pitch:	51.153671
Roll:	10.964121
Pitch:	51.165054
Roll:	10.951909
Pitch:	51.177769
Roll:	10.939618
Pitch:	51.194862
Roll:	10.935067
Pitch:	51.197105
Roll:	10.923085
Pitch:	51.202187
Roll:	10.923867
Pitch:	51.207512
Roll:	10.911962
Pitch:	51.215775
Roll:	10.897848
Pitch:	51.208279
Roll:	10.881030
Pitch:	51.222836
Roll:	10.863474
Pitch:	51.232319
Roll:	10.865723
Pitch:	51.283909
Roll:	10.853451
Pitch:	51.268669
Roll:	10.845556
Pitch:	51.334824
Roll:	10.838340
Pitch:	51.332119
Roll:	10.846228
Pitch:	51.381714
Roll:	10.837657
Pitch:	51.361111
Roll:	10.831904
Pitch:	51.349087
Roll:	10.817533
Pitch:	51.384071
Roll:	10.796184
Pitch:	51.349529
Roll:	10.789317
Pitch:	51.379822
Roll:	10.772228
Pitch:	51.393616
Roll:	10.762715
Pitch:	51.381855
Roll:	10.747021
Pitch:	51.396469
Roll:	10.756600
Pitch:	51.429695
Roll:	10.740971
Pitch:	51.424137
Roll:	10.738274
Pitch:	51.448074
Roll:	10.716908
Pitch:	51.409241
Roll:	10.716722
Pitch:	51.447002
Roll:	10.693076
Pitch:	51.449200
Roll:	10.687659
Pitch:	51.453735
Roll:	10.668348
Pitch:	51.455788
Roll:	10.662121
Pitch:	51.454250
Roll:	10.651932
Pitch:	51.459240
Roll:	10.637616
Pitch:	51.427227
Roll:	10.623249
Pitch:	51.421921
Roll:	10.610411
Pitch:	51.417480
Roll:	10.605736
Pitch:	51.471394
Roll:	10.589437
Pitch:	51.478386
Roll:	10.573945
Pitch:	51.452023
Roll:	10.565662
Pitch:	51.500919
Roll:	10.560458
Pitch:	51.495869
Roll:	10.535256
Pitch:	51.475838
Roll:	10.521672
Pitch:	51.469254
Roll:	10.513024
Pitch:	51.456974
Roll:	10.500404
Pitch:	51.450249
Roll:	10.484335
Pitch:	51.422867
Roll:	10.467915
Pitch:	51.363396
Roll:	10.393156
Pitch:	51.304371
Roll:	10.374569
Pitch:	51.228748
Roll:	10.333960
Pitch:	51.071453
Roll:	10.220239
Pitch:	50.715794
Roll:	10.064215
Pitch:	50.261814
Roll:	9.853311
Pitch:	49.554668
Roll:	9.727688
Pitch:	48.620129
Roll:	9.485570
Pitch:	47.529400
Roll:	9.070333
Pitch:	46.172459
Roll:	8.608789
Pitch:	44.601730
Roll:	8.031507
Pitch:	42.841454
Roll:	7.629056
Pitch:	41.028744
Roll:	7.269607
Pitch:	39.018730
Roll:	6.874947
Pitch:	36.869408
Roll:	6.598937
Pitch:	34.341557
Roll:	6.262407
Pitch:	31.864414
Roll:	6.082014
Pitch:	29.013073
Roll:	5.588937
Pitch:	26.293398
Roll:	5.280314
Pitch:	23.516483
Roll:	4.937826
Pitch:	20.828266
Roll:	4.801977
Pitch:	18.209105
Roll:	4.540597
Pitch:	15.873549
Roll:	4.505792
Pitch:	13.536976
Roll:	4.252452
Pitch:	10.795690
Roll:	4.281168
Pitch:	8.070448
Roll:	4.322691
Pitch:	5.716844
Roll:	4.302717
Pitch:	3.629111
Roll:	4.263992
Pitch:	2.081649
Roll:	4.158457
Pitch:	0.641046
Roll:	3.982563
Pitch:	-0.784493
Roll:	4.134184
Pitch:	-0.820919
Roll:	4.168214
Pitch:	-0.783803
Roll:	4.229900
Pitch:	-0.656949
Roll:	4.351893
Pitch:	-0.535677
Roll:	4.507700
Pitch:	-0.620233
Roll:	4.413605
Pitch:	-0.583712
Roll:	4.464207
Pitch:	-0.610572
Roll:	4.444404
Pitch:	-0.610965
Roll:	4.449597
Pitch:	-0.434726
Roll:	4.552576
Pitch:	-0.428642
Roll:	4.567368
Pitch:	-0.427402
Roll:	4.526383
Pitch:	-0.324958
Roll:	4.503306
Pitch:	-0.320256
Roll:	4.532735
Pitch:	-0.318534
Roll:	4.526188
Pitch:	-0.320430
Roll:	4.524791
Pitch:	-0.317990
Roll:	4.552745
Pitch:	-0.315079
Roll:	4.585877
Pitch:	-0.308368
Roll:	4.615341
Pitch:	-0.309803
Roll:	4.619068
Pitch:	-0.307503
Roll:	4.617653
Pitch:	-0.306650
Roll:	4.613985
Pitch:	-0.306294
Roll:	4.611803
Pitch:	-0.305618
Roll:	4.597830
Pitch:	-0.306970
Roll:	4.608866
Pitch:	-0.309117
Roll:	4.597842
Pitch:	-0.310528
Roll:	4.610344
Pitch:	-0.309058
Roll:	4.603728
Pitch:	-0.302880
Roll:	4.622128
Pitch:	-0.295246
Roll:	4.632345
Pitch:	-0.292684
Roll:	4.629426
Pitch:	-0.291176
Roll:	4.631680
Pitch:	-0.290501
Roll:	4.651527
Pitch:	-0.288612
Roll:	4.656699
Pitch:	-0.290877
Roll:	4.653019
Pitch:	-0.289246
Roll:	4.655281
Pitch:	-0.289742
Roll:	4.657501
Pitch:	-0.291709
Roll:	4.658986
Pitch:	-0.291649
Roll:	4.658255
Pitch:	-0.289324
Roll:	4.658998
Pitch:	-0.288289
Roll:	4.664163
Pitch:	-0.287331
Roll:	4.667898
Pitch:	-0.281825
Roll:	4.669390
Pitch:	-0.280806
Roll:	4.674598
Pitch:	-0.284001
Roll:	4.679038
Pitch:	-0.287617
Roll:	4.683453
Pitch:	-0.288172
Roll:	4.685669
Pitch:	-0.287196
Roll:	4.690831
Pitch:	-0.286039
Roll:	4.690856
Pitch:	-0.285919
Roll:	4.692334
Pitch:	-0.281882
Roll:	4.687210
Pitch:	-0.279436
Roll:	4.687224
Pitch:	-0.279135
Roll:	4.690183
Pitch:	-0.273374
Roll:	4.689440
Pitch:	-0.269457
Roll:	4.692395
Pitch:	-0.261129
Roll:	4.698290
Pitch:	-0.260817
Roll:	4.713706
Pitch:	-0.259096
Roll:	4.723972
Pitch:	-0.253264
Roll:	4.749584
Pitch:	-0.317732
Roll:	4.754544
Pitch:	-0.371112
Roll:	4.752089
Pitch:	-0.407410
Roll:	4.755008
Pitch:	-0.440614
Roll:	4.750937
Pitch:	-0.441654
Roll:	4.747233
Pitch:	-0.438652
Roll:	4.733270
Pitch:	-0.443609
Roll:	4.724396
Pitch:	-0.437615
Roll:	4.717858
Pitch:	-0.436759
Roll:	4.717870
Pitch:	-0.436698
Roll:	4.717140
Pitch:	-0.431491
Roll:	4.716411
Pitch:	-0.429900
Roll:	4.715686
Pitch:	-0.425368
Roll:	4.712021
Pitch:	-0.426536
Roll:	4.713519
Pitch:	-0.426234
Roll:	4.709135
Pitch:	-0.426908
Roll:	4.709140
Pitch:	-0.428933
Roll:	4.710628
Pitch:	-0.433162
Roll:	4.715055
Pitch:	-0.433776
Roll:	4.720948
Pitch:	-0.432799
Roll:	4.715824
Pitch:	-0.432799
Roll:	4.713619
Pitch:	-0.433292
Roll:	4.713641
Pitch:	-0.436977
Roll:	4.715914
Pitch:	-0.429444
Roll:	4.717401
Pitch:	-0.430793
Roll:	4.715207
Pitch:	-0.430490
Roll:	4.717440
Pitch:	-0.431779
Roll:	4.713045
Pitch:	-0.433008
Roll:	4.707186
Pitch:	-0.440733
Roll:	4.711631
Pitch:	-0.440058
Roll:	4.712360
Pitch:	-0.436936
Roll:	4.710172
Pitch:	-0.444902
Roll:	4.709448
Pitch:	-0.443250
Roll:	4.711670
Pitch:	-0.442334
Roll:	4.709482
Pitch:	-0.442274
Roll:	4.702871
Pitch:	-0.443069
Roll:	4.706542
Pitch:	-0.442273
Roll:	4.710958
Pitch:	-0.438909
Roll:	4.713203
Pitch:	-0.440319
Roll:	4.709533
Pitch:	-0.440138
Roll:	4.711021
Pitch:	-0.439040
Roll:	4.714731
Pitch:	-0.439161
Roll:	4.715455
Pitch:	-0.437388
Roll:	4.716218
Pitch:	-0.434819
Roll:	4.720663
Pitch:	-0.430347
Roll:	4.727285
Pitch:	-0.431082
Roll:	4.739783
Pitch:	-0.431143
Roll:	4.758893
Pitch:	-0.427774
Roll:	4.776510
Pitch:	-0.433291
Roll:	4.813972
Pitch:	-0.402565
Roll:	5.047812
Pitch:	-0.377095
Roll:	5.407460
Pitch:	-0.357417
Roll:	5.951586
Pitch:	-0.335242
Roll:	6.659626
Pitch:	-0.320582
Roll:	7.588886
Pitch:	-0.310835
Roll:	8.509336
Pitch:	-0.301613
Roll:	9.278320
Pitch:	-0.297608
Roll:	9.880415
Pitch:	-0.292491
Roll:	10.621455
Pitch:	-0.281928
Roll:	11.692613
Pitch:	-0.268158
Roll:	13.029247
Pitch:	-0.250518
Roll:	14.412881
Pitch:	-0.239829
Roll:	15.667840
Pitch:	-0.232204
Roll:	16.736794
Pitch:	-0.229890
Roll:	17.690331
Pitch:	-0.226898
Roll:	18.434336
Pitch:	-0.230327
Roll:	19.079819
Pitch:	-0.226397
Roll:	19.776056
Pitch:	-0.216227
Roll:	20.683275
Pitch:	-0.206878
Roll:	21.807381
Pitch:	-0.196899
Roll:	23.062338
Pitch:	-0.181438
Roll:	24.307749
Pitch:	-0.175081
Roll:	25.562708
Pitch:	-0.164904
Roll:	26.863989
Pitch:	-0.190355
Roll:	28.293802
Pitch:	-0.268346
Roll:	30.005634
Pitch:	-0.447547
Roll:	31.796616
Pitch:	-0.611633
Roll:	33.579979
Pitch:	-0.895926
Roll:	35.306763
Pitch:	-1.439200
Roll:	36.949352
Pitch:	-1.927115
Roll:	38.626060
Pitch:	-2.318058
Roll:	40.116974
Pitch:	-2.573634
Roll:	41.700260
Pitch:	-2.574618
Roll:	43.236198
Pitch:	-2.605028
Roll:	44.452988
Pitch:	-3.315900
Roll:	45.143925
Pitch:	-3.870843
Roll:	45.866669
Pitch:	-3.876867
Roll:	46.907402
Pitch:	-3.889368
Roll:	47.755661
Pitch:	-3.887815
Roll:	48.195694
Pitch:	-3.907751
Roll:	48.113918
Pitch:	-4.106347
Roll:	47.658382
Pitch:	-4.178839
Roll:	47.524982
Pitch:	-4.180671
Roll:	47.600548
Pitch:	-4.182911
Roll:	47.969707
Pitch:	-4.178651
Roll:	48.722641
Pitch:	-4.140613
Roll:	49.671951
Pitch:	-4.094691
Roll:	50.687683
Pitch:	-4.097038
Roll:	51.511421
Pitch:	-4.101229
Roll:	51.977535
Pitch:	-4.112183
Roll:	52.040131
Pitch:	-4.124459
Roll:	51.968075
Pitch:	-4.133631
Roll:	51.837097
Pitch:	-4.147928
Roll:	51.728909
Pitch:	-4.148606
Roll:	51.679062
Pitch:	-4.172588
Roll:	51.612343
Pitch:	-4.275015
Roll:	51.575771
Pitch:	-4.540924
Roll:	51.459568
Pitch:	-4.723013
Roll:	51.368675
Pitch:	-4.775247
Roll:	51.332527
Pitch:	-4.778617
Roll:	51.335224
Pitch:	-4.784324
Roll:	51.385952
Pitch:	-4.788945
Roll:	51.448013
Pitch:	-4.797678
Roll:	51.453217
Pitch:	-4.816768
Roll:	51.362167
Pitch:	-4.827530
Roll:	51.294460
Pitch:	-4.831710
Roll:	51.289864
Pitch:	-4.828745
Roll:	51.380409
Pitch:	-4.834474
Roll:	51.525970
Pitch:	-4.846314
Roll:	51.593048
Pitch:	-4.854249
Roll:	51.529808
Pitch:	-4.863590
Roll:	51.589283
Pitch:	-4.872285
Roll:	51.692928
Pitch:	-4.886056
Roll:	51.704609
Pitch:	-4.889157
Roll:	51.692341
Pitch:	-4.903360
Roll:	51.628780
Pitch:	-4.913511
Roll:	51.600086
Pitch:	-4.918226
Roll:	51.684990
Pitch:	-4.921931
Roll:	51.790226
Pitch:	-4.928517
Roll:	51.870403
Pitch:	-4.933113
Roll:	51.935329
Pitch:	-4.940093
Roll:	51.899761
Pitch:	-4.947414
Roll:	51.869656
Pitch:	-4.955681
Roll:	51.889732
Pitch:	-4.960876
Roll:	51.937618
Pitch:	-4.965213
Roll:	52.042725
Pitch:	-4.976516
Roll:	52.116566
Pitch:	-4.983619
Roll:	52.182510
Pitch:	-4.989043
Roll:	52.199707
Pitch:	-4.995472
Roll:	52.153965
Pitch:	-5.009584
Roll:	52.122536
Pitch:	-5.015409
Roll:	52.147495
Pitch:	-5.015148
Roll:	52.206791
Pitch:	-5.015179
Roll:	52.307541
Pitch:	-5.022704
Roll:	52.420918
Pitch:	-5.025950
Roll:	52.515308
Pitch:	-5.036201
Roll:	52.634308
Pitch:	-5.035741
Roll:	52.821999
Pitch:	-5.038828
Roll:	53.121250
Pitch:	-5.044112
Roll:	53.407936
Pitch:	-5.045752
Roll:	53.622570
Pitch:	-5.050266
Roll:	53.777523
Pitch:	-5.059345
Roll:	53.898117
Pitch:	-5.062525
Roll:	54.078934
Pitch:	-5.072320
Roll:	54.308205
Pitch:	-5.080729
Roll:	54.611797
Pitch:	-5.080440
Roll:	55.041973
Pitch:	-5.084543
Roll:	55.446220
Pitch:	-5.087396
Roll:	55.925980
Pitch:	-5.165307
Roll:	56.202511
Pitch:	-5.489094
Roll:	56.291527
Pitch:	-5.528958
Roll:	56.521938
Pitch:	-5.400451
Roll:	56.975914
Pitch:	-4.940699
Roll:	57.828506
Pitch:	-4.690732
Roll:	58.783894
Pitch:	-4.404274
Roll:	59.709618
Pitch:	-4.190944
Roll:	60.607758
Pitch:	-4.125917
Roll:	61.249294
Pitch:	-4.155163
Roll:	61.764870
Pitch:	-4.096888
Roll:	62.288963
Pitch:	-4.055892
Roll:	62.752178
Pitch:	-4.069094
Roll:	63.276165
Pitch:	-4.138993
Roll:	63.819515
Pitch:	-4.305858
Roll:	64.414581
Pitch:	-4.417417
Roll:	65.141289
Pitch:	-4.601224
Roll:	65.892349
Pitch:	-4.824707
Roll:	66.615967
Pitch:	-4.823236
Roll:	67.332787
Pitch:	-4.818319
Roll:	68.036194
Pitch:	-4.823936
Roll:	68.619522
Pitch:	-4.768322
Roll:	69.251968
Pitch:	-4.718526
Roll:	69.898590
Pitch:	-4.745418
Roll:	70.440666
Pitch:	-4.741889
Roll:	70.993088
Pitch:	-4.746479
Roll:	71.631165
Pitch:	-4.938377
Roll:	72.107086
Pitch:	-4.906195
Roll:	72.728813
Pitch:	-4.845026
Roll:	73.444061
Pitch:	-4.708074
Roll:	74.202133
Pitch:	-4.300682
Roll:	75.011635
Pitch:	-3.895057
Roll:	75.754677
Pitch:	-3.721193
Roll:	76.315582
Pitch:	-3.532268
Roll:	76.983795
Pitch:	-3.433229
Roll:	77.670845
Pitch:	-3.559269
Roll:	78.188515
Pitch:	-3.763802
Roll:	78.476585
Pitch:	-3.949081
Roll:	78.409508
Pitch:	-4.027728
Roll:	78.459572
Pitch:	-3.981540
Roll:	78.718452
Pitch:	-3.861692
Roll:	78.808266
Pitch:	-3.796212
Roll:	78.551636
Pitch:	-3.154527
Roll:	78.259895
Pitch:	-2.492906
Roll:	77.303116
Pitch:	-1.952728
Roll:	75.240509
Pitch:	-1.633884
Roll:	72.489594
Pitch:	-1.307704
Roll:	69.447502
Pitch:	-1.037026
Roll:	66.655060
Pitch:	-0.532313
Roll:	63.707367
Pitch:	0.555915
Roll:	60.398911
Pitch:	0.881410
Roll:	56.383144
Pitch:	1.860985
Roll:	53.988194
Pitch:	2.474098
Roll:	50.830757
Pitch:	3.062299
Roll:	47.174885
Pitch:	2.889327
Roll:	43.216057
Pitch:	3.218999
Roll:	39.988544
Pitch:	3.816695
Roll:	36.205772
Pitch:	4.151907
Roll:	32.023891
Pitch:	4.280973
Roll:	28.378942
Pitch:	4.296901
Roll:	24.991066
Pitch:	4.266478
Roll:	21.810646
Pitch:	4.175980
Roll:	18.876038
Pitch:	4.147612
Roll:	16.424261
Pitch:	4.091377
Roll:	13.981872
Pitch:	4.017860
Roll:	11.360785
Pitch:	3.904907
Roll:	8.985645
Pitch:	3.848260
Roll:	7.185678
Pitch:	3.464832
Roll:	5.187520
Pitch:	3.495061
Roll:	5.102435
Pitch:	3.495436
Roll:	5.088439
Pitch:	3.497796
Roll:	5.062320
Pitch:	3.498966
Roll:	5.057780
Pitch:	3.501215
Roll:	5.052829
Pitch:	3.504611
Roll:	5.066483
Pitch:	3.506649
Roll:	5.076612
Pitch:	3.505030
Roll:	5.076942
Pitch:	3.504425
Roll:	5.087145
Pitch:	3.508232
Roll:	5.090731
Pitch:	3.511303
Roll:	5.093581
Pitch:	3.505210
Roll:	5.097632
Pitch:	3.506272
Roll:	5.095937
Pitch:	3.507138
Roll:	5.100258
Pitch:	3.513821
Roll:	5.105359
Pitch:	3.513413
Roll:	5.106604
Pitch:	3.515881
Roll:	5.105689
Pitch:	3.515749
Roll:	5.110925
Pitch:	3.523233
Roll:	5.112305
Pitch:	3.529311
Roll:	5.109964
Pitch:	3.533249
Roll:	5.114929
Pitch:	3.529232
Roll:	5.119069
Pitch:	3.534379
Roll:	5.119069
Pitch:	3.536847
Roll:	5.120358
Pitch:	3.538174
Roll:	5.119949
Pitch:	3.536362
Roll:	5.116736
Pitch:	3.539237
Roll:	5.113841
Pitch:	3.539303
Roll:	5.113795
Pitch:	3.539223
Roll:	5.108195
Pitch:	3.539144
Roll:	5.110682
Pitch:	3.538001
Roll:	5.108249
Pitch:	3.537593
Roll:	5.107287
Pitch:	3.537383
Roll:	5.111335
Pitch:	3.537842
Roll:	5.113958
Pitch:	3.530950
Roll:	5.117317
Pitch:	3.533813
Roll:	5.120539
Pitch:	3.529060
Roll:	5.121738
Pitch:	3.530519
Roll:	5.120504
Pitch:	3.534523
Roll:	5.120277
Pitch:	3.531504
Roll:	5.119089
Pitch:	3.530900
Roll:	5.123410
Pitch:	3.532830
Roll:	5.120887
Pitch:	3.533159
Roll:	5.119925
Pitch:	3.530612
Roll:	5.123330
Pitch:	3.530876
Roll:	5.128295
Pitch:	3.526464
Roll:	5.133441
Pitch:	3.525992
Roll:	5.127378
Pitch:	3.524182
Roll:	5.128578
Pitch:	3.530951
Roll:	5.124883
Pitch:	3.540798
Roll:	5.115069
Pitch:	3.548150
Roll:	5.120216
Pitch:	3.560111
Roll:	5.138572
Pitch:	3.566331
Roll:	5.160903
Pitch:	3.566860
Roll:	5.153184
Pitch:	3.584874
Roll:	5.099087
Pitch:	3.380803
Roll:	4.890073
Pitch:	3.561614
Roll:	5.087655
Pitch:	3.519037
Roll:	5.036880
Pitch:	3.522995
Roll:	5.043079
Pitch:	3.517178
Roll:	5.044504
Pitch:	3.512897
Roll:	5.051031
Pitch:	3.511513
Roll:	5.053687
Pitch:	3.514129
Roll:	5.059794
Pitch:	3.511858
Roll:	5.055428
Pitch:	3.514410
Roll:	5.053493
Pitch:	3.512875
Roll:	5.054274
Pitch:	3.510151
Roll:	5.054634
Pitch:	3.513243
Roll:	5.057245
Pitch:	3.513848
Roll:	5.058806
Pitch:	3.521070
Roll:	5.064778
Pitch:	3.518540
Roll:	5.061328
Pitch:	3.518280
Roll:	5.062979
Pitch:	3.516074
Roll:	5.063715
Pitch:	3.517415
Roll:	5.064540
Pitch:	3.519145
Roll:	5.066565
Pitch:	3.519015
Roll:	5.076212
Pitch:	3.521695
Roll:	5.080804
Pitch:	3.501520
Roll:	5.060443
Pitch:	3.502861
Roll:	5.056122
Pitch:	3.505131
Roll:	5.056813
Pitch:	3.507077
Roll:	5.058464
Pitch:	3.510558
Roll:	5.054187
Pitch:	3.506212
Roll:	5.054878
Pitch:	3.503877
Roll:	5.056438
Pitch:	3.511640
Roll:	5.055928
Pitch:	3.513110
Roll:	5.057399
Pitch:	3.513910
Roll:	5.